<?xml version="1.0" encoding="UTF-8"?>
<testsuites name="fastlane">
  <testsuite name="run">
    
      
      <testcase name="0: Verifying required fastlane version" time="0.020179">
        
      </testcase>
    
      
      <testcase name="1: default_platform" time="0.000262">
        
      </testcase>
    
      
      <testcase name="2: increment_build_number" time="4.015439">
        
      </testcase>
    
      
      <testcase name="3: slack" time="1.050432">
        
          <failure message="/Users/elcid_ga/.rvm/gems/ruby-2.2.1@global/gems/fastlane-1.48.0/lib/fastlane/actions/actions_helper.rb:35:in `execute_action'&#10;/Users/elcid_ga/.rvm/gems/ruby-2.2.1@global/gems/fastlane-1.48.0/lib/fastlane/runner.rb:128:in `block in execute_action'&#10;/Users/elcid_ga/.rvm/gems/ruby-2.2.1@global/gems/fastlane-1.48.0/lib/fastlane/runner.rb:127:in `chdir'&#10;/Users/elcid_ga/.rvm/gems/ruby-2.2.1@global/gems/fastlane-1.48.0/lib/fastlane/runner.rb:127:in `execute_action'&#10;/Users/elcid_ga/.rvm/gems/ruby-2.2.1@global/gems/fastlane-1.48.0/lib/fastlane/fast_file.rb:149:in `method_missing'&#10;Fastfile:63:in `block (2 levels) in parsing_binding'&#10;/Users/elcid_ga/.rvm/gems/ruby-2.2.1@global/gems/fastlane-1.48.0/lib/fastlane/runner.rb:55:in `call'&#10;/Users/elcid_ga/.rvm/gems/ruby-2.2.1@global/gems/fastlane-1.48.0/lib/fastlane/runner.rb:55:in `block in execute'&#10;/Users/elcid_ga/.rvm/gems/ruby-2.2.1@global/gems/fastlane-1.48.0/lib/fastlane/runner.rb:46:in `chdir'&#10;/Users/elcid_ga/.rvm/gems/ruby-2.2.1@global/gems/fastlane-1.48.0/lib/fastlane/runner.rb:46:in `execute'&#10;/Users/elcid_ga/.rvm/gems/ruby-2.2.1@global/gems/fastlane-1.48.0/lib/fastlane/lane_manager.rb:46:in `cruise_lane'&#10;/Users/elcid_ga/.rvm/gems/ruby-2.2.1@global/gems/fastlane-1.48.0/lib/fastlane/command_line_handler.rb:30:in `handle'&#10;/Users/elcid_ga/.rvm/gems/ruby-2.2.1@global/gems/fastlane-1.48.0/bin/fastlane:37:in `block (2 levels) in run'&#10;/Users/elcid_ga/.rvm/gems/ruby-2.2.1@global/gems/commander-4.3.5/lib/commander/command.rb:178:in `call'&#10;/Users/elcid_ga/.rvm/gems/ruby-2.2.1@global/gems/commander-4.3.5/lib/commander/command.rb:178:in `call'&#10;/Users/elcid_ga/.rvm/gems/ruby-2.2.1@global/gems/commander-4.3.5/lib/commander/command.rb:153:in `run'&#10;/Users/elcid_ga/.rvm/gems/ruby-2.2.1@global/gems/commander-4.3.5/lib/commander/runner.rb:428:in `run_active_command'&#10;/Users/elcid_ga/.rvm/gems/ruby-2.2.1@global/gems/commander-4.3.5/lib/commander/runner.rb:68:in `run!'&#10;/Users/elcid_ga/.rvm/gems/ruby-2.2.1@global/gems/commander-4.3.5/lib/commander/delegates.rb:15:in `run!'&#10;/Users/elcid_ga/.rvm/gems/ruby-2.2.1@global/gems/fastlane-1.48.0/bin/fastlane:155:in `run'&#10;/Users/elcid_ga/.rvm/gems/ruby-2.2.1@global/gems/fastlane-1.48.0/bin/fastlane:161:in `&lt;top (required)&gt;'&#10;/usr/local/bin/fastlane:23:in `load'&#10;/usr/local/bin/fastlane:23:in `&lt;main&gt;'&#10;/Users/elcid_ga/.rvm/gems/ruby-2.2.1/bin/ruby_executable_hooks:15:in `eval'&#10;/Users/elcid_ga/.rvm/gems/ruby-2.2.1/bin/ruby_executable_hooks:15:in `&lt;main&gt;'&#10;&#10;[31mError pushing Slack message, maybe the integration has no permission to post on this channel? Try removing the channel parameter in your Fastfile.[0m" />
        
      </testcase>
    
      
      <testcase name="4: slack" time="0.320929">
        
          <failure message="/Users/elcid_ga/.rvm/gems/ruby-2.2.1@global/gems/fastlane-1.48.0/lib/fastlane/actions/actions_helper.rb:35:in `execute_action'&#10;/Users/elcid_ga/.rvm/gems/ruby-2.2.1@global/gems/fastlane-1.48.0/lib/fastlane/runner.rb:128:in `block in execute_action'&#10;/Users/elcid_ga/.rvm/gems/ruby-2.2.1@global/gems/fastlane-1.48.0/lib/fastlane/runner.rb:127:in `chdir'&#10;/Users/elcid_ga/.rvm/gems/ruby-2.2.1@global/gems/fastlane-1.48.0/lib/fastlane/runner.rb:127:in `execute_action'&#10;/Users/elcid_ga/.rvm/gems/ruby-2.2.1@global/gems/fastlane-1.48.0/lib/fastlane/fast_file.rb:149:in `method_missing'&#10;Fastfile:69:in `block (2 levels) in parsing_binding'&#10;/Users/elcid_ga/.rvm/gems/ruby-2.2.1@global/gems/fastlane-1.48.0/lib/fastlane/runner.rb:65:in `call'&#10;/Users/elcid_ga/.rvm/gems/ruby-2.2.1@global/gems/fastlane-1.48.0/lib/fastlane/runner.rb:65:in `block in execute'&#10;/Users/elcid_ga/.rvm/gems/ruby-2.2.1@global/gems/fastlane-1.48.0/lib/fastlane/runner.rb:61:in `chdir'&#10;/Users/elcid_ga/.rvm/gems/ruby-2.2.1@global/gems/fastlane-1.48.0/lib/fastlane/runner.rb:61:in `rescue in execute'&#10;/Users/elcid_ga/.rvm/gems/ruby-2.2.1@global/gems/fastlane-1.48.0/lib/fastlane/runner.rb:45:in `execute'&#10;/Users/elcid_ga/.rvm/gems/ruby-2.2.1@global/gems/fastlane-1.48.0/lib/fastlane/lane_manager.rb:46:in `cruise_lane'&#10;/Users/elcid_ga/.rvm/gems/ruby-2.2.1@global/gems/fastlane-1.48.0/lib/fastlane/command_line_handler.rb:30:in `handle'&#10;/Users/elcid_ga/.rvm/gems/ruby-2.2.1@global/gems/fastlane-1.48.0/bin/fastlane:37:in `block (2 levels) in run'&#10;/Users/elcid_ga/.rvm/gems/ruby-2.2.1@global/gems/commander-4.3.5/lib/commander/command.rb:178:in `call'&#10;/Users/elcid_ga/.rvm/gems/ruby-2.2.1@global/gems/commander-4.3.5/lib/commander/command.rb:178:in `call'&#10;/Users/elcid_ga/.rvm/gems/ruby-2.2.1@global/gems/commander-4.3.5/lib/commander/command.rb:153:in `run'&#10;/Users/elcid_ga/.rvm/gems/ruby-2.2.1@global/gems/commander-4.3.5/lib/commander/runner.rb:428:in `run_active_command'&#10;/Users/elcid_ga/.rvm/gems/ruby-2.2.1@global/gems/commander-4.3.5/lib/commander/runner.rb:68:in `run!'&#10;/Users/elcid_ga/.rvm/gems/ruby-2.2.1@global/gems/commander-4.3.5/lib/commander/delegates.rb:15:in `run!'&#10;/Users/elcid_ga/.rvm/gems/ruby-2.2.1@global/gems/fastlane-1.48.0/bin/fastlane:155:in `run'&#10;/Users/elcid_ga/.rvm/gems/ruby-2.2.1@global/gems/fastlane-1.48.0/bin/fastlane:161:in `&lt;top (required)&gt;'&#10;/usr/local/bin/fastlane:23:in `load'&#10;/usr/local/bin/fastlane:23:in `&lt;main&gt;'&#10;/Users/elcid_ga/.rvm/gems/ruby-2.2.1/bin/ruby_executable_hooks:15:in `eval'&#10;/Users/elcid_ga/.rvm/gems/ruby-2.2.1/bin/ruby_executable_hooks:15:in `&lt;main&gt;'&#10;&#10;[31mError pushing Slack message, maybe the integration has no permission to post on this channel? Try removing the channel parameter in your Fastfile.[0m" />
        
      </testcase>
    
  </testsuite>
</testsuites>
